!SESSION 2015-12-22 19:51:13.995 -----------------------------------------------
eclipse.buildId=unknown
java.version=1.8.0
java.vendor=Oracle Corporation
BootLoader constants: OS=linux, ARCH=arm, WS=gtk, NL=en_GB
Framework arguments:  -o
Command-line arguments:  -o -console

!ENTRY org.eclipse.osgi 4 0 2015-12-22 19:51:16.234
!MESSAGE The -clean (osgi.clean) option was not successful. Unable to clean the storage area: /opt/openhab/server/configuration/org.eclipse.osgi

!ENTRY org.eclipse.osgi 4 0 2015-12-22 19:51:16.301
!MESSAGE Error reading configuration: Permission denied
!STACK 0
java.io.IOException: Permission denied
	at java.io.UnixFileSystem.createFileExclusively(Native Method)
	at java.io.File.createTempFile(File.java:2024)
	at org.eclipse.osgi.storagemanager.StorageManager.initializeInstanceFile(StorageManager.java:188)
	at org.eclipse.osgi.storagemanager.StorageManager.open(StorageManager.java:708)
	at org.eclipse.osgi.internal.baseadaptor.BaseStorage.initFileManager(BaseStorage.java:220)
	at org.eclipse.osgi.internal.baseadaptor.BaseStorage.initialize(BaseStorage.java:154)
	at org.eclipse.osgi.baseadaptor.BaseAdaptor.initializeStorage(BaseAdaptor.java:123)
	at org.eclipse.osgi.framework.internal.core.Framework.<init>(Framework.java:192)
	at org.eclipse.core.runtime.adaptor.EclipseStarter.startup(EclipseStarter.java:262)
	at org.eclipse.core.runtime.adaptor.EclipseStarter.run(EclipseStarter.java:176)
	at sun.reflect.NativeMethodAccessorImpl.invoke0(Native Method)
	at sun.reflect.NativeMethodAccessorImpl.invoke(NativeMethodAccessorImpl.java:62)
	at sun.reflect.DelegatingMethodAccessorImpl.invoke(DelegatingMethodAccessorImpl.java:43)
	at java.lang.reflect.Method.invoke(Method.java:483)
	at org.eclipse.equinox.launcher.Main.invokeFramework(Main.java:629)
	at org.eclipse.equinox.launcher.Main.basicRun(Main.java:584)
	at org.eclipse.equinox.launcher.Main.run(Main.java:1438)
	at org.eclipse.equinox.launcher.Main.main(Main.java:1414)

!ENTRY org.eclipse.osgi 4 0 2015-12-22 19:51:16.329
!MESSAGE Startup error
!STACK 1
java.lang.RuntimeException: Permission denied
	at org.eclipse.osgi.framework.internal.core.Framework.<init>(Framework.java:194)
	at org.eclipse.core.runtime.adaptor.EclipseStarter.startup(EclipseStarter.java:262)
	at org.eclipse.core.runtime.adaptor.EclipseStarter.run(EclipseStarter.java:176)
	at sun.reflect.NativeMethodAccessorImpl.invoke0(Native Method)
	at sun.reflect.NativeMethodAccessorImpl.invoke(NativeMethodAccessorImpl.java:62)
	at sun.reflect.DelegatingMethodAccessorImpl.invoke(DelegatingMethodAccessorImpl.java:43)
	at java.lang.reflect.Method.invoke(Method.java:483)
	at org.eclipse.equinox.launcher.Main.invokeFramework(Main.java:629)
	at org.eclipse.equinox.launcher.Main.basicRun(Main.java:584)
	at org.eclipse.equinox.launcher.Main.run(Main.java:1438)
	at org.eclipse.equinox.launcher.Main.main(Main.java:1414)
Caused by: java.io.IOException: Permission denied
	at java.io.UnixFileSystem.createFileExclusively(Native Method)
	at java.io.File.createTempFile(File.java:2024)
	at org.eclipse.osgi.storagemanager.StorageManager.initializeInstanceFile(StorageManager.java:188)
	at org.eclipse.osgi.storagemanager.StorageManager.open(StorageManager.java:708)
	at org.eclipse.osgi.internal.baseadaptor.BaseStorage.initFileManager(BaseStorage.java:220)
	at org.eclipse.osgi.internal.baseadaptor.BaseStorage.initialize(BaseStorage.java:154)
	at org.eclipse.osgi.baseadaptor.BaseAdaptor.initializeStorage(BaseAdaptor.java:123)
	at org.eclipse.osgi.framework.internal.core.Framework.<init>(Framework.java:192)
	... 10 more
